0 info it worked if it ends with ok
1 verbose cli [ '/usr/bin/node', '/usr/bin/npm', 'cache', 'clean' ]
2 info using npm@1.4.28
3 info using node@v0.10.33
4 verbose node symlink /usr/bin/node
5 verbose config Skipping project config: /home/wm/.npmrc. (matches userconfig)
6 error Error: EACCES, unlink '/home/wm/.npm/colors/0.6.0-1'
6 error  { [Error: EACCES, unlink '/home/wm/.npm/colors/0.6.0-1']
6 error   errno: 3,
6 error   code: 'EACCES',
6 error   path: '/home/wm/.npm/colors/0.6.0-1' }
7 error Please try running this command again as root/Administrator.
8 error System Linux 3.2.0-74-generic
9 error command "/usr/bin/node" "/usr/bin/npm" "cache" "clean"
10 error cwd /home/wm/MeteorProjects/simple-todos
11 error node -v v0.10.33
12 error npm -v 1.4.28
13 error path /home/wm/.npm/colors/0.6.0-1
14 error code EACCES
15 error errno 3
16 error stack Error: EACCES, unlink '/home/wm/.npm/colors/0.6.0-1'
17 verbose exit [ 3, true ]
